<?xml version="1.0" encoding="UTF-8"?>
<!-- Generated by org.testng.reporters.JUnitXMLReporter -->
<testsuite hostname="GBSLAPTOP-281" ignored="2" tests="0" failures="0" timestamp="04 Apr 2024 14:44:00 GMT" time="0.811" errors="0">
  <testcase name="@BeforeTest generateReport" time="0.0" classname="com.utils.BaseClass">
    <ignored/>
  </testcase> <!-- @BeforeTest generateReport -->
  <testcase name="@BeforeTest generateReport" time="0.0" classname="com.utils.BaseClass">
    <ignored/>
  </testcase> <!-- @BeforeTest generateReport -->
</testsuite>
